22:12:48 **** Incremental Build of configuration Debug for project APP_5640 ****
make all 
make --no-print-directory pre-build
a9-linaro-pre-build-step
' '
make --no-print-directory main-build
'Building file: ../src/main.c'
'Invoking: ARM v7 gcc compiler'
arm-none-eabi-gcc -Wall -O0 -g3 -ID:/FPGA/OV5640/vitis/OV5640/export/OV5640/sw/OV5640/standalone_domain/bspinclude/include -I"D:\FPGA\OV5640\vitis\OV5640\ps7_cortexa9_0\standalone_domain\bsp\ps7_cortexa9_0\include" -c -fmessage-length=0 -MT"src/main.o" -mcpu=cortex-a9 -mfpu=vfpv3 -mfloat-abi=hard -MMD -MP -MF"src/main.d" -MT"src/main.d" -o "src/main.o" "../src/main.c"
In file included from ../src/main.c:4:
../src/ov5640/OV5640.h:11:10: fatal error: sstream: No such file or directory
   11 | #include <sstream>
      |          ^~~~~~~~~
compilation terminated.
make[1]: *** [src/subdir.mk:23: src/main.o] Error 1
make: *** [makefile:34: all] Error 2

22:12:49 Build Finished (took 432ms)

